<?xml version="1.0" encoding="UTF-8"?>
<!-- Generated by org.testng.reporters.JUnitXMLReporter -->
<testsuite ignored="0" hostname="DESKTOP-V6P52FB" failures="0" tests="26" name="Test" time="841.079" errors="0" timestamp="2024-04-12T21:52:50 IST">
  <testcase classname="com.TestCases.TC_LoginTest_001" name="loginTest" time="33.876"/>
  <testcase classname="com.TestCases.TC_LoginTest_003" name="loginTest" time="27.454"/>
  <testcase classname="com.TestCases.TC_LoginTest_004" name="loginTest" time="28.548"/>
  <testcase classname="com.TestCases.TC_LoginTest_005" name="loginTest" time="26.573"/>
  <testcase classname="com.TestCases.TC_LoginTest_006" name="loginTest" time="23.668"/>
  <testcase classname="com.TestCases.TC_LoginTest_007" name="loginTest" time="31.302"/>
  <testcase classname="com.TestCases.TC_LoginTest_008" name="loginTest" time="28.726"/>
  <testcase classname="com.TestCases.TC_LoginTest_009" name="loginTest" time="23.108"/>
  <testcase classname="com.TestCases.TC_LoginTest_010" name="loginTest" time="20.842"/>
  <testcase classname="com.TestCases.TC_LoginTest_011" name="loginTest" time="34.371"/>
  <testcase classname="com.TestCases.TC_CreateAccTest_012" name="loginTest" time="24.562"/>
  <testcase classname="com.TestCases.TC_CreateAccTest_013" name="loginTest" time="16.989"/>
  <testcase classname="com.TestCases.TC_CreateAccTest_014" name="loginTest" time="26.806"/>
  <testcase classname="com.TestCases.TC_CreateAccTest_015" name="loginTest" time="19.196"/>
  <testcase classname="com.TestCases.TC_CreateAccTest_016" name="loginTest" time="22.782"/>
  <testcase classname="com.TestCases.TC_CreateAccTest_017" name="loginTest" time="23.663"/>
  <testcase classname="com.TestCases.TC_CreateAccTest_018" name="loginTest" time="17.83"/>
  <testcase classname="com.TestCases.TC_CreateAccTest_019" name="loginTest" time="19.268"/>
  <testcase classname="com.TestCases.TC_CreateAccTest_020" name="loginTest" time="18.314"/>
  <testcase classname="com.TestCases.TC_HomePageTest_021" name="homePageTest" time="27.048"/>
  <testcase classname="com.TestCases.TC_HomePageTest_022" name="homePageTest" time="29.226"/>
  <testcase classname="com.TestCases.TC_HomePageTest_023" name="homePageTest" time="21.676"/>
  <testcase classname="com.TestCases.TC_HomePageTest_024" name="homePageTest" time="45.132"/>
  <testcase classname="com.TestCases.TC_HomePageTest_025" name="homePageTest" time="22.836"/>
  <testcase classname="com.TestCases.TC_HomePageTest_026" name="homePageTest" time="35.123"/>
  <testcase classname="com.TestCases.TC_HomePageTest_027" name="homePageTest" time="26.041"/>
</testsuite> <!-- Test -->
